[     398ms] [ERROR] Failed to load resource: the server responded with a status of 404 (Not Found) @ http://localhost:3001/admin:0
[     453ms] [INFO] %cDownload the React DevTools for a better development experience: https://react.dev/link/react-devtools font-weight:bold @ http://localhost:3001/_next/static/chunks/node_modules_next_dist_115brz8._.js:2431
[     493ms] [LOG] [HMR] connected @ http://localhost:3001/_next/static/chunks/node_modules_next_dist_115brz8._.js:2431
[     505ms] [ERROR] Failed to load resource: the server responded with a status of 404 (Not Found) @ http://localhost:3001/favicon.ico:0
[   30623ms] [ERROR] WebSocket connection to 'ws://localhost:3001/_next/webpack-hmr?id=YLTThMlMnKBt7iweXyzpY' failed: Error in connection establishment: net::ERR_CONNECTION_REFUSED @ http://localhost:3001/_next/static/chunks/node_modules_next_dist_client_0fhqo1d._.js:13299
[   31625ms] [ERROR] WebSocket connection to 'ws://localhost:3001/_next/webpack-hmr?id=YLTThMlMnKBt7iweXyzpY' failed: Error in connection establishment: net::ERR_CONNECTION_REFUSED @ http://localhost:3001/_next/static/chunks/node_modules_next_dist_client_0fhqo1d._.js:13299
[   32628ms] [ERROR] WebSocket connection to 'ws://localhost:3001/_next/webpack-hmr?id=YLTThMlMnKBt7iweXyzpY' failed: Error in connection establishment: net::ERR_CONNECTION_REFUSED @ http://localhost:3001/_next/static/chunks/node_modules_next_dist_client_0fhqo1d._.js:13299
[   33629ms] [ERROR] WebSocket connection to 'ws://localhost:3001/_next/webpack-hmr?id=YLTThMlMnKBt7iweXyzpY' failed: Error in connection establishment: net::ERR_CONNECTION_REFUSED @ http://localhost:3001/_next/static/chunks/node_modules_next_dist_client_0fhqo1d._.js:13299
[   35634ms] [ERROR] WebSocket connection to 'ws://localhost:3001/_next/webpack-hmr?id=YLTThMlMnKBt7iweXyzpY' failed: Connection closed before receiving a handshake response @ http://localhost:3001/_next/static/chunks/node_modules_next_dist_client_0fhqo1d._.js:13299
[   41638ms] [ERROR] WebSocket connection to 'ws://localhost:3001/_next/webpack-hmr?id=YLTThMlMnKBt7iweXyzpY' failed: Connection closed before receiving a handshake response @ http://localhost:3001/_next/static/chunks/node_modules_next_dist_client_0fhqo1d._.js:13299
[   46641ms] [LOG] [HMR] connected @ http://localhost:3001/_next/static/chunks/node_modules_next_dist_115brz8._.js:2431
[   46695ms] [ERROR] Failed to load resource: the server responded with a status of 404 (Not Found) @ http://localhost:3001/admin:0
[   46722ms] [INFO] %cDownload the React DevTools for a better development experience: https://react.dev/link/react-devtools font-weight:bold @ http://localhost:3001/_next/static/chunks/node_modules_next_dist_115brz8._.js:2431
[   46731ms] [LOG] [HMR] connected @ http://localhost:3001/_next/static/chunks/node_modules_next_dist_115brz8._.js:2431
[   54038ms] [ERROR] WebSocket connection to 'ws://localhost:3001/_next/webpack-hmr?id=li3MEf5w0H7-GAc0F_Vw7' failed: Error in connection establishment: net::ERR_CONNECTION_REFUSED @ http://localhost:3001/_next/static/chunks/node_modules_next_dist_client_0fhqo1d._.js:13299
[   55104ms] [ERROR] WebSocket connection to 'ws://localhost:3001/_next/webpack-hmr?id=li3MEf5w0H7-GAc0F_Vw7' failed: Error in connection establishment: net::ERR_CONNECTION_REFUSED @ http://localhost:3001/_next/static/chunks/node_modules_next_dist_client_0fhqo1d._.js:13299
[   56107ms] [ERROR] WebSocket connection to 'ws://localhost:3001/_next/webpack-hmr?id=li3MEf5w0H7-GAc0F_Vw7' failed: Error in connection establishment: net::ERR_CONNECTION_REFUSED @ http://localhost:3001/_next/static/chunks/node_modules_next_dist_client_0fhqo1d._.js:13299
[   57109ms] [ERROR] WebSocket connection to 'ws://localhost:3001/_next/webpack-hmr?id=li3MEf5w0H7-GAc0F_Vw7' failed: Error in connection establishment: net::ERR_CONNECTION_REFUSED @ http://localhost:3001/_next/static/chunks/node_modules_next_dist_client_0fhqo1d._.js:13299
[   58112ms] [ERROR] WebSocket connection to 'ws://localhost:3001/_next/webpack-hmr?id=li3MEf5w0H7-GAc0F_Vw7' failed: Error in connection establishment: net::ERR_CONNECTION_REFUSED @ http://localhost:3001/_next/static/chunks/node_modules_next_dist_client_0fhqo1d._.js:13299
[   63114ms] [ERROR] WebSocket connection to 'ws://localhost:3001/_next/webpack-hmr?id=li3MEf5w0H7-GAc0F_Vw7' failed: Error in connection establishment: net::ERR_CONNECTION_REFUSED @ http://localhost:3001/_next/static/chunks/node_modules_next_dist_client_0fhqo1d._.js:13299
[   69118ms] [ERROR] WebSocket connection to 'ws://localhost:3001/_next/webpack-hmr?id=li3MEf5w0H7-GAc0F_Vw7' failed: Connection closed before receiving a handshake response @ http://localhost:3001/_next/static/chunks/node_modules_next_dist_client_0fhqo1d._.js:13299
[   75125ms] [ERROR] WebSocket connection to 'ws://localhost:3001/_next/webpack-hmr?id=li3MEf5w0H7-GAc0F_Vw7' failed: Connection closed before receiving a handshake response @ http://localhost:3001/_next/static/chunks/node_modules_next_dist_client_0fhqo1d._.js:13299
[   81132ms] [ERROR] WebSocket connection to 'ws://localhost:3001/_next/webpack-hmr?id=li3MEf5w0H7-GAc0F_Vw7' failed: Connection closed before receiving a handshake response @ http://localhost:3001/_next/static/chunks/node_modules_next_dist_client_0fhqo1d._.js:13299
[   86254ms] [ERROR] WebSocket connection to 'ws://localhost:3001/_next/webpack-hmr?id=li3MEf5w0H7-GAc0F_Vw7' failed: Connection closed before receiving a handshake response @ http://localhost:3001/_next/static/chunks/node_modules_next_dist_client_0fhqo1d._.js:13299
[   91258ms] [ERROR] WebSocket connection to 'ws://localhost:3001/_next/webpack-hmr?id=li3MEf5w0H7-GAc0F_Vw7' failed: Error in connection establishment: net::ERR_CONNECTION_REFUSED @ http://localhost:3001/_next/static/chunks/node_modules_next_dist_client_0fhqo1d._.js:13299
[   96264ms] [ERROR] WebSocket connection to 'ws://localhost:3001/_next/webpack-hmr?id=li3MEf5w0H7-GAc0F_Vw7' failed: Error in connection establishment: net::ERR_CONNECTION_REFUSED @ http://localhost:3001/_next/static/chunks/node_modules_next_dist_client_0fhqo1d._.js:13299
